<?xml version="1.0" encoding="UTF-8"?>
<!-- Generated by org.testng.reporters.JUnitReportReporter -->
<testsuite hostname="DESKTOP-1I5V263" failures="0" tests="2" name="testNG_Practise.Keyword_Priority2" time="0.026" errors="0" timestamp="2024-10-12T23:59:22 IST" skipped="0">
  <testcase classname="testNG_Practise.Keyword_Priority2" name="TC2" time="0.010">
    <system-out>
      <![CDATA[running TC2...]]>
    </system-out>
  </testcase> <!-- TC2 -->
  <testcase classname="testNG_Practise.Keyword_Priority2" name="TC1" time="0.016">
    <system-out>
      <![CDATA[running TC1...]]>
    </system-out>
  </testcase> <!-- TC1 -->
  <system-out>
    <![CDATA[running TC2...
running TC1...
running TC2...
running TC1...]]>
  </system-out>
</testsuite> <!-- testNG_Practise.Keyword_Priority2 -->
