<?xml version="1.0" encoding="UTF-8"?>
<!-- Generated by org.testng.reporters.JUnitReportReporter -->
<testsuite hostname="DESKTOP-1I5V263" failures="0" tests="3" name="testNG_Practise.Grouping1" time="0.029" errors="0" timestamp="2024-10-13T22:38:41 IST" skipped="0">
  <testcase classname="testNG_Practise.Grouping1" name="TC4" time="0.012">
    <system-out>
      <![CDATA[running TC4...]]>
    </system-out>
  </testcase> <!-- TC4 -->
  <testcase classname="testNG_Practise.Grouping1" name="TC5" time="0.011">
    <system-out>
      <![CDATA[running TC5...]]>
    </system-out>
  </testcase> <!-- TC5 -->
  <testcase classname="testNG_Practise.Grouping1" name="TC3" time="0.006">
    <system-out>
      <![CDATA[running TC3...]]>
    </system-out>
  </testcase> <!-- TC3 -->
  <system-out>
    <![CDATA[running TC3...
running TC4...
running TC5...
running TC3...
running TC4...
running TC5...]]>
  </system-out>
</testsuite> <!-- testNG_Practise.Grouping1 -->
