<?xml version="1.0" encoding="UTF-8"?>
<!-- Generated by org.testng.reporters.JUnitReportReporter -->
<testsuite hostname="DESKTOP-1I5V263" failures="0" tests="3" name="testNG_Practise.DisableTcExecution" time="0.033" errors="0" timestamp="2024-10-13T21:12:22 IST" skipped="1">
  <testcase classname="testNG_Practise.DisableTcExecution" name="TC1" time="0.027">
    <system-out>
      <![CDATA[running TC1...]]>
    </system-out>
  </testcase> <!-- TC1 -->
  <testcase classname="testNG_Practise.DisableTcExecution" name="TC2" time="0.006">
    <system-out>
      <![CDATA[running TC2...]]>
    </system-out>
  </testcase> <!-- TC2 -->
  <testcase classname="testNG_Practise.DisableTcExecution" name="TC3">
    <skipped/>
  </testcase> <!-- TC3 -->
  <system-out>
    <![CDATA[running TC1...
running TC2...]]>
  </system-out>
</testsuite> <!-- testNG_Practise.DisableTcExecution -->
