<?xml version="1.0" encoding="UTF-8"?>
<!-- Generated by org.testng.reporters.JUnitReportReporter -->
<testsuite hostname="DESKTOP-1I5V263" failures="0" tests="2" name="testNG_Practise.Annotations$example4_Annotations" time="0.049" errors="0" timestamp="2024-10-12T23:19:02 IST" skipped="0">
  <testcase classname="testNG_Practise.Annotations$example4_Annotations" name="verifyUserID1" time="0.015">
    <system-out>
      <![CDATA[running verifyUserID1 test case...]]>
    </system-out>
  </testcase> <!-- verifyUserID1 -->
  <testcase classname="testNG_Practise.Annotations$example4_Annotations" name="verifyUserID" time="0.034">
    <system-out>
      <![CDATA[running verifyUserID test case...]]>
    </system-out>
  </testcase> <!-- verifyUserID -->
  <system-out>
    <![CDATA[open browser..
login to app..
running verifyUserID test case...
logout from app..
login to app..
running verifyUserID1 test case...
logout from app..
close browser..]]>
  </system-out>
</testsuite> <!-- testNG_Practise.Annotations$example4_Annotations -->
