<?xml version="1.0" encoding="UTF-8"?>
<!-- Generated by org.testng.reporters.JUnitReportReporter -->
<testsuite hostname="DESKTOP-1I5V263" failures="0" tests="1" name="testNG_Practise.TestNG_Class" time="15.116" errors="0" timestamp="2024-10-12T21:52:12 IST" skipped="0">
  <testcase classname="testNG_Practise.TestNG_Class" name="m1" time="15.116"/>
</testsuite> <!-- testNG_Practise.TestNG_Class -->
