<?xml version="1.0" encoding="UTF-8"?>
<!-- Generated by org.testng.reporters.JUnitReportReporter -->
<testsuite hostname="DESKTOP-1I5V263" failures="0" tests="2" name="testNG_Practise.DisableTcExecutionFromSuite1" time="0.032" errors="0" timestamp="2024-10-13T22:22:19 IST" skipped="0">
  <testcase classname="testNG_Practise.DisableTcExecutionFromSuite1" name="TC1" time="0.027">
    <system-out>
      <![CDATA[running TC1...]]>
    </system-out>
  </testcase> <!-- TC1 -->
  <testcase classname="testNG_Practise.DisableTcExecutionFromSuite1" name="TC2" time="0.005">
    <system-out>
      <![CDATA[running TC2...]]>
    </system-out>
  </testcase> <!-- TC2 -->
  <system-out>
    <![CDATA[running TC1...
running TC2...]]>
  </system-out>
</testsuite> <!-- testNG_Practise.DisableTcExecutionFromSuite1 -->
