<?xml version="1.0" encoding="UTF-8"?>
<!-- Generated by org.testng.reporters.JUnitReportReporter -->
<testsuite hostname="DESKTOP-1I5V263" failures="0" tests="5" name="testNG_Practise.InvocationCount" time="0.059" errors="0" timestamp="2024-10-12T23:29:55 IST" skipped="0">
  <testcase classname="testNG_Practise.InvocationCount" name="TC1" time="0.030">
    <system-out>
      <![CDATA[running TC1...]]>
    </system-out>
  </testcase> <!-- TC1 -->
  <testcase classname="testNG_Practise.InvocationCount" name="TC1" time="0.007">
    <system-out>
      <![CDATA[running TC1...]]>
    </system-out>
  </testcase> <!-- TC1 -->
  <testcase classname="testNG_Practise.InvocationCount" name="TC1" time="0.009">
    <system-out>
      <![CDATA[running TC1...]]>
    </system-out>
  </testcase> <!-- TC1 -->
  <testcase classname="testNG_Practise.InvocationCount" name="TC1" time="0.007">
    <system-out>
      <![CDATA[running TC1...]]>
    </system-out>
  </testcase> <!-- TC1 -->
  <testcase classname="testNG_Practise.InvocationCount" name="TC1" time="0.006">
    <system-out>
      <![CDATA[running TC1...]]>
    </system-out>
  </testcase> <!-- TC1 -->
  <system-out>
    <![CDATA[running TC1...
running TC1...
running TC1...
running TC1...
running TC1...]]>
  </system-out>
</testsuite> <!-- testNG_Practise.InvocationCount -->
